<?xml version="1.0" encoding="UTF-8"?>
<!-- Generated by org.testng.reporters.JUnitXMLReporter -->
<testsuite hostname="apples-MacBook-Air-3.local" name="Test" tests="4" failures="0" timestamp="9 Mar 2017 13:34:43 GMT" time="30.774" errors="0">
  <testcase name="@BeforeTest beforeRegistrationPage" time="0.0" classname="com.sml.testcases.VerifyLaunchRegistrationPage">
    <failure type="org.openqa.selenium.NoSuchElementException" message="An element could not be located on the page using the given search parameters. (WARNING: The server did not provide any stacktrace information)
Command duration or timeout: 30.67 seconds
For documentation on this error, please visit: http://seleniumhq.org/exceptions/no_such_element.html
Build info: version: &amp;apos;unknown&amp;apos;, revision: &amp;apos;1969d75&amp;apos;, time: &amp;apos;2016-10-18 09:43:45 -0700&amp;apos;
System info: host: &amp;apos;apples-MacBook-Air-3.local&amp;apos;, ip: &amp;apos;192.168.2.99&amp;apos;, os.name: &amp;apos;Mac OS X&amp;apos;, os.arch: &amp;apos;x86_64&amp;apos;, os.version: &amp;apos;10.11.6&amp;apos;, java.version: &amp;apos;1.8.0_91&amp;apos;
Driver info: io.appium.java_client.android.AndroidDriver
Capabilities [{app=/Users/builduser/Documents/workspace/SMLAndroid/Files/app-release.apk, appPackage=com.medpresso.android.ui, networkConnectionEnabled=true, noReset=true, warnings={}, databaseEnabled=false, deviceName=ZY2232T4PJ, version=5.1.1, platform=LINUX, deviceUDID=ZY2232T4PJ, appActivity=com.medpresso.android.ui.HomeActivity, desired={app=/Users/builduser/Documents/workspace/SMLAndroid/Files/app-release.apk, appPackage=com.medpresso.android.ui, appActivity=com.medpresso.android.ui.HomeActivity, noReset=true, platformVersion=5.1, automationName=Appium, browserName=Android, udid=ZY2232T4PJ, platformName=Android, deviceName=Moto G (4), version=5.1.1}, platformVersion=5.1.1, webStorageEnabled=false, locationContextEnabled=false, automationName=Appium, takesScreenshot=true, browserName=Android, javascriptEnabled=true, udid=ZY2232T4PJ, platformName=Android}]
Session ID: a407a2d9-a8cc-47cc-9fd3-7727a0f3e06f
*** Element info: {Using=id, value=label}">
      <![CDATA[org.openqa.selenium.NoSuchElementException: An element could not be located on the page using the given search parameters. (WARNING: The server did not provide any stacktrace information)
Command duration or timeout: 30.67 seconds
For documentation on this error, please visit: http://seleniumhq.org/exceptions/no_such_element.html
Build info: version: 'unknown', revision: '1969d75', time: '2016-10-18 09:43:45 -0700'
System info: host: 'apples-MacBook-Air-3.local', ip: '192.168.2.99', os.name: 'Mac OS X', os.arch: 'x86_64', os.version: '10.11.6', java.version: '1.8.0_91'
Driver info: io.appium.java_client.android.AndroidDriver
Capabilities [{app=/Users/builduser/Documents/workspace/SMLAndroid/Files/app-release.apk, appPackage=com.medpresso.android.ui, networkConnectionEnabled=true, noReset=true, warnings={}, databaseEnabled=false, deviceName=ZY2232T4PJ, version=5.1.1, platform=LINUX, deviceUDID=ZY2232T4PJ, appActivity=com.medpresso.android.ui.HomeActivity, desired={app=/Users/builduser/Documents/workspace/SMLAndroid/Files/app-release.apk, appPackage=com.medpresso.android.ui, appActivity=com.medpresso.android.ui.HomeActivity, noReset=true, platformVersion=5.1, automationName=Appium, browserName=Android, udid=ZY2232T4PJ, platformName=Android, deviceName=Moto G (4), version=5.1.1}, platformVersion=5.1.1, webStorageEnabled=false, locationContextEnabled=false, automationName=Appium, takesScreenshot=true, browserName=Android, javascriptEnabled=true, udid=ZY2232T4PJ, platformName=Android}]
Session ID: a407a2d9-a8cc-47cc-9fd3-7727a0f3e06f
*** Element info: {Using=id, value=label}
	at org.openqa.selenium.remote.ErrorHandler.createThrowable(ErrorHandler.java:216)
	at org.openqa.selenium.remote.ErrorHandler.throwIfResponseFailed(ErrorHandler.java:168)
	at org.openqa.selenium.remote.RemoteWebDriver.execute(RemoteWebDriver.java:635)
	at io.appium.java_client.DefaultGenericMobileDriver.execute(DefaultGenericMobileDriver.java:42)
	at io.appium.java_client.AppiumDriver.execute(AppiumDriver.java:1)
	at io.appium.java_client.android.AndroidDriver.execute(AndroidDriver.java:1)
	at org.openqa.selenium.remote.RemoteWebDriver.findElement(RemoteWebDriver.java:368)
	at io.appium.java_client.DefaultGenericMobileDriver.findElement(DefaultGenericMobileDriver.java:62)
	at io.appium.java_client.AppiumDriver.findElement(AppiumDriver.java:1)
	at io.appium.java_client.android.AndroidDriver.findElement(AndroidDriver.java:1)
	at org.openqa.selenium.remote.RemoteWebDriver.findElementById(RemoteWebDriver.java:417)
	at io.appium.java_client.DefaultGenericMobileDriver.findElementById(DefaultGenericMobileDriver.java:70)
	at io.appium.java_client.AppiumDriver.findElementById(AppiumDriver.java:1)
	at io.appium.java_client.android.AndroidDriver.findElementById(AndroidDriver.java:1)
	at org.openqa.selenium.By$ById.findElement(By.java:218)
	at org.openqa.selenium.remote.RemoteWebDriver.findElement(RemoteWebDriver.java:360)
	at io.appium.java_client.DefaultGenericMobileDriver.findElement(DefaultGenericMobileDriver.java:58)
	at io.appium.java_client.AppiumDriver.findElement(AppiumDriver.java:1)
	at io.appium.java_client.android.AndroidDriver.findElement(AndroidDriver.java:1)
	at com.sml.classes.Registration.verifyRegistrationLaunch(Registration.java:17)
	at com.sml.testcases.VerifyRegistration.beforeRegistrationPage(VerifyRegistration.java:22)
... Removed 27 stack frames]]>
    </failure>
  </testcase> <!-- @BeforeTest beforeRegistrationPage -->
  <testcase name="@AfterTest afterLaunch" time="0.0" classname="com.sml.testcases.VerifyLaunch">
    <skipped/>
  </testcase> <!-- @AfterTest afterLaunch -->
  <testcase name="@AfterTest afterTest" time="0.0" classname="com.sml.testcases.VerifyLaunch">
    <skipped/>
  </testcase> <!-- @AfterTest afterTest -->
  <testcase name="@AfterTest afterTest" time="0.0" classname="com.sml.testcases.VerifyLaunch">
    <skipped/>
  </testcase> <!-- @AfterTest afterTest -->
  <testcase name="verifyLaunch" time="0.001" classname="com.sml.testcases.VerifyLaunch">
    <skipped/>
  </testcase> <!-- verifyLaunch -->
  <testcase name="verifyLaunch" time="0.001" classname="com.sml.testcases.VerifyLaunchRegistrationPage">
    <skipped/>
  </testcase> <!-- verifyLaunch -->
  <testcase name="verifyLaunchRegistrationPage" time="0.012" classname="com.sml.testcases.VerifyLaunchRegistrationPage">
    <skipped/>
  </testcase> <!-- verifyLaunchRegistrationPage -->
  <testcase name="verifyRegistration" time="0.001" classname="com.sml.testcases.VerifyRegistration">
    <skipped/>
  </testcase> <!-- verifyRegistration -->
</testsuite> <!-- Test -->
