<html>
<head>
<title>TestNG:  VerifySendFeedBackScenarios</title>
<link href="../testng.css" rel="stylesheet" type="text/css" />
<link href="../my-testng.css" rel="stylesheet" type="text/css" />

<style type="text/css">
.log { display: none;} 
.stack-trace { display: none;} 
</style>
<script type="text/javascript">
<!--
function flip(e) {
  current = e.style.display;
  if (current == 'block') {
    e.style.display = 'none';
    return 0;
  }
  else {
    e.style.display = 'block';
    return 1;
  }
}

function toggleBox(szDivId, elem, msg1, msg2)
{
  var res = -1;  if (document.getElementById) {
    res = flip(document.getElementById(szDivId));
  }
  else if (document.all) {
    // this is the way old msie versions work
    res = flip(document.all[szDivId]);
  }
  if(elem) {
    if(res == 0) elem.innerHTML = msg1; else elem.innerHTML = msg2;
  }

}

function toggleAllBoxes() {
  if (document.getElementsByTagName) {
    d = document.getElementsByTagName('div');
    for (i = 0; i < d.length; i++) {
      if (d[i].className == 'log') {
        flip(d[i]);
      }
    }
  }
}

// -->
</script>

</head>
<body>
<h2 align='center'>VerifySendFeedBackScenarios</h2><table border='1' align="center">
<tr>
<td>Tests passed/Failed/Skipped:</td><td>1/2/0</td>
</tr><tr>
<td>Started on:</td><td>Thu Mar 16 20:00:40 IST 2017</td>
</tr>
<tr><td>Total time:</td><td>94 seconds (94991 ms)</td>
</tr><tr>
<td>Included groups:</td><td></td>
</tr><tr>
<td>Excluded groups:</td><td></td>
</tr>
</table><p/>
<small><i>(Hover the method name to see the test class name)</i></small><p/>
<table width='100%' border='1' class='invocation-failed'>
<tr><td colspan='4' align='center'><b>FAILED CONFIGURATIONS</b></td></tr>
<tr><td><b>Test method</b></td>
<td width="30%"><b>Exception</b></td>
<td width="10%"><b>Time (seconds)</b></td>
<td><b>Instance</b></td>
</tr>
<tr>
<td title='com.sml.testcases.VerifySendFeedBackScenarios.afterFeedBack()'><b>afterFeedBack</b><br>Test class: com.sml.testcases.VerifySendFeedBackScenarios</td>
<td><div><pre>junit.framework.ComparisonFailure: expected:&lt;[Setting]s&gt; but was:&lt;[Add Resource]s&gt;
	at junit.framework.Assert.assertEquals(Assert.java:100)
	at junit.framework.Assert.assertEquals(Assert.java:107)
	at com.sml.classes.SettingsPage.verifySettingsLaunch(SettingsPage.java:30)
	at com.sml.testcases.VerifySendFeedBackScenarios.afterFeedBack(VerifySendFeedBackScenarios.java:29)
... Removed 23 stack frames</pre></div><a href='#' onClick='toggleBox("stack-trace504807594", this, "Click to show all stack frames", "Click to hide stack frames")'>Click to show all stack frames</a>
<div class='stack-trace' id='stack-trace504807594'><pre>junit.framework.ComparisonFailure: expected:&lt;[Setting]s&gt; but was:&lt;[Add Resource]s&gt;
	at junit.framework.Assert.assertEquals(Assert.java:100)
	at junit.framework.Assert.assertEquals(Assert.java:107)
	at com.sml.classes.SettingsPage.verifySettingsLaunch(SettingsPage.java:30)
	at com.sml.testcases.VerifySendFeedBackScenarios.afterFeedBack(VerifySendFeedBackScenarios.java:29)
	at sun.reflect.NativeMethodAccessorImpl.invoke0(Native Method)
	at sun.reflect.NativeMethodAccessorImpl.invoke(NativeMethodAccessorImpl.java:62)
	at sun.reflect.DelegatingMethodAccessorImpl.invoke(DelegatingMethodAccessorImpl.java:43)
	at java.lang.reflect.Method.invoke(Method.java:498)
	at org.testng.internal.MethodInvocationHelper.invokeMethod(MethodInvocationHelper.java:100)
	at org.testng.internal.Invoker.invokeConfigurationMethod(Invoker.java:515)
	at org.testng.internal.Invoker.invokeConfigurations(Invoker.java:216)
	at org.testng.internal.Invoker.invokeConfigurations(Invoker.java:143)
	at org.testng.TestRunner.afterRun(TestRunner.java:973)
	at org.testng.TestRunner.run(TestRunner.java:604)
	at org.testng.SuiteRunner.runTest(SuiteRunner.java:366)
	at org.testng.SuiteRunner.runSequentially(SuiteRunner.java:361)
	at org.testng.SuiteRunner.privateRun(SuiteRunner.java:319)
	at org.testng.SuiteRunner.run(SuiteRunner.java:268)
	at org.testng.SuiteRunnerWorker.runSuite(SuiteRunnerWorker.java:52)
	at org.testng.SuiteRunnerWorker.run(SuiteRunnerWorker.java:86)
	at org.testng.TestNG.runSuitesSequentially(TestNG.java:1264)
	at org.testng.TestNG.runSuitesLocally(TestNG.java:1189)
	at org.testng.TestNG.runSuites(TestNG.java:1104)
	at org.testng.TestNG.run(TestNG.java:1076)
	at org.testng.remote.AbstractRemoteTestNG.run(AbstractRemoteTestNG.java:126)
	at org.testng.remote.RemoteTestNG.initAndRun(RemoteTestNG.java:152)
	at org.testng.remote.RemoteTestNG.main(RemoteTestNG.java:57)
</pre></div></td>
<td>0</td>
<td>null</td></tr>
</table><p>
<table width='100%' border='1' class='invocation-failed'>
<tr><td colspan='4' align='center'><b>FAILED TESTS</b></td></tr>
<tr><td><b>Test method</b></td>
<td width="30%"><b>Exception</b></td>
<td width="10%"><b>Time (seconds)</b></td>
<td><b>Instance</b></td>
</tr>
<tr>
<td title='com.sml.testcases.VerifySendFeedBackScenarios.verifyFeedBackLaunch()'><b>verifyFeedBackLaunch</b><br>Test class: com.sml.testcases.VerifySendFeedBackScenarios</td>
<td><div><pre>org.openqa.selenium.NoSuchElementException: An element could not be located on the page using the given search parameters. (WARNING: The server did not provide any stacktrace information)
Command duration or timeout: 30.08 seconds
For documentation on this error, please visit: http://seleniumhq.org/exceptions/no_such_element.html
Build info: version: &apos;unknown&apos;, revision: &apos;1969d75&apos;, time: &apos;2016-10-18 09:43:45 -0700&apos;
System info: host: &apos;apples-MacBook-Air-3.local&apos;, ip: &apos;192.168.2.99&apos;, os.name: &apos;Mac OS X&apos;, os.arch: &apos;x86_64&apos;, os.version: &apos;10.11.6&apos;, java.version: &apos;1.8.0_91&apos;
Driver info: io.appium.java_client.android.AndroidDriver
Capabilities [{app=/Users/builduser/Documents/workspace/SMLAndroid/Files/app-release.apk, appPackage=com.medpresso.android.ui, networkConnectionEnabled=true, noReset=true, warnings={}, databaseEnabled=false, deviceName=ZY2232T4PJ, version=5.1.1, platform=LINUX, deviceUDID=ZY2232T4PJ, appActivity=com.medpresso.android.ui.HomeActivity, desired={app=/Users/builduser/Documents/workspace/SMLAndroid/Files/app-release.apk, appPackage=com.medpresso.android.ui, appActivity=com.medpresso.android.ui.HomeActivity, noReset=true, platformVersion=5.1, automationName=Appium, browserName=Android, udid=ZY2232T4PJ, platformName=Android, deviceName=Moto G (4), version=5.1.1}, platformVersion=5.1.1, webStorageEnabled=false, locationContextEnabled=false, automationName=Appium, takesScreenshot=true, browserName=Android, javascriptEnabled=true, udid=ZY2232T4PJ, platformName=Android}]
Session ID: 87d59a3b-aa34-47fb-b4ba-a6ca4361ad07
*** Element info: {Using=xpath, value=//android.widget.LinearLayout[@index = 1]/android.widget.LinearLayout[@index = 1]/android.widget.RelativeLayout[@index = 4]/android.widget.TextView[@index = 0]}
	at org.openqa.selenium.remote.ErrorHandler.createThrowable(ErrorHandler.java:216)
	at org.openqa.selenium.remote.ErrorHandler.throwIfResponseFailed(ErrorHandler.java:168)
	at org.openqa.selenium.remote.RemoteWebDriver.execute(RemoteWebDriver.java:635)
	at io.appium.java_client.DefaultGenericMobileDriver.execute(DefaultGenericMobileDriver.java:42)
	at io.appium.java_client.AppiumDriver.execute(AppiumDriver.java:1)
	at io.appium.java_client.android.AndroidDriver.execute(AndroidDriver.java:1)
	at org.openqa.selenium.remote.RemoteWebDriver.findElement(RemoteWebDriver.java:368)
	at io.appium.java_client.DefaultGenericMobileDriver.findElement(DefaultGenericMobileDriver.java:62)
	at io.appium.java_client.AppiumDriver.findElement(AppiumDriver.java:1)
	at io.appium.java_client.android.AndroidDriver.findElement(AndroidDriver.java:1)
	at org.openqa.selenium.remote.RemoteWebDriver.findElementByXPath(RemoteWebDriver.java:473)
	at io.appium.java_client.DefaultGenericMobileDriver.findElementByXPath(DefaultGenericMobileDriver.java:140)
	at io.appium.java_client.AppiumDriver.findElementByXPath(AppiumDriver.java:1)
	at io.appium.java_client.android.AndroidDriver.findElementByXPath(AndroidDriver.java:1)
	at org.openqa.selenium.By$ByXPath.findElement(By.java:361)
	at org.openqa.selenium.remote.RemoteWebDriver.findElement(RemoteWebDriver.java:360)
	at io.appium.java_client.DefaultGenericMobileDriver.findElement(DefaultGenericMobileDriver.java:58)
	at io.appium.java_client.AppiumDriver.findElement(AppiumDriver.java:1)
	at io.appium.java_client.android.AndroidDriver.findElement(AndroidDriver.java:1)
	at com.sml.classes.SettingsPage.clickFeedBack(SettingsPage.java:140)
	at com.sml.testcases.VerifySendFeedBackScenarios.verifyFeedBackLaunch(VerifySendFeedBackScenarios.java:14)
... Removed 29 stack frames</pre></div><a href='#' onClick='toggleBox("stack-trace704106237", this, "Click to show all stack frames", "Click to hide stack frames")'>Click to show all stack frames</a>
<div class='stack-trace' id='stack-trace704106237'><pre>org.openqa.selenium.NoSuchElementException: An element could not be located on the page using the given search parameters. (WARNING: The server did not provide any stacktrace information)
Command duration or timeout: 30.08 seconds
For documentation on this error, please visit: http://seleniumhq.org/exceptions/no_such_element.html
Build info: version: &apos;unknown&apos;, revision: &apos;1969d75&apos;, time: &apos;2016-10-18 09:43:45 -0700&apos;
System info: host: &apos;apples-MacBook-Air-3.local&apos;, ip: &apos;192.168.2.99&apos;, os.name: &apos;Mac OS X&apos;, os.arch: &apos;x86_64&apos;, os.version: &apos;10.11.6&apos;, java.version: &apos;1.8.0_91&apos;
Driver info: io.appium.java_client.android.AndroidDriver
Capabilities [{app=/Users/builduser/Documents/workspace/SMLAndroid/Files/app-release.apk, appPackage=com.medpresso.android.ui, networkConnectionEnabled=true, noReset=true, warnings={}, databaseEnabled=false, deviceName=ZY2232T4PJ, version=5.1.1, platform=LINUX, deviceUDID=ZY2232T4PJ, appActivity=com.medpresso.android.ui.HomeActivity, desired={app=/Users/builduser/Documents/workspace/SMLAndroid/Files/app-release.apk, appPackage=com.medpresso.android.ui, appActivity=com.medpresso.android.ui.HomeActivity, noReset=true, platformVersion=5.1, automationName=Appium, browserName=Android, udid=ZY2232T4PJ, platformName=Android, deviceName=Moto G (4), version=5.1.1}, platformVersion=5.1.1, webStorageEnabled=false, locationContextEnabled=false, automationName=Appium, takesScreenshot=true, browserName=Android, javascriptEnabled=true, udid=ZY2232T4PJ, platformName=Android}]
Session ID: 87d59a3b-aa34-47fb-b4ba-a6ca4361ad07
*** Element info: {Using=xpath, value=//android.widget.LinearLayout[@index = 1]/android.widget.LinearLayout[@index = 1]/android.widget.RelativeLayout[@index = 4]/android.widget.TextView[@index = 0]}
	at sun.reflect.NativeConstructorAccessorImpl.newInstance0(Native Method)
	at sun.reflect.NativeConstructorAccessorImpl.newInstance(NativeConstructorAccessorImpl.java:62)
	at sun.reflect.DelegatingConstructorAccessorImpl.newInstance(DelegatingConstructorAccessorImpl.java:45)
	at java.lang.reflect.Constructor.newInstance(Constructor.java:423)
	at org.openqa.selenium.remote.ErrorHandler.createThrowable(ErrorHandler.java:216)
	at org.openqa.selenium.remote.ErrorHandler.throwIfResponseFailed(ErrorHandler.java:168)
	at org.openqa.selenium.remote.RemoteWebDriver.execute(RemoteWebDriver.java:635)
	at io.appium.java_client.DefaultGenericMobileDriver.execute(DefaultGenericMobileDriver.java:42)
	at io.appium.java_client.AppiumDriver.execute(AppiumDriver.java:1)
	at io.appium.java_client.android.AndroidDriver.execute(AndroidDriver.java:1)
	at org.openqa.selenium.remote.RemoteWebDriver.findElement(RemoteWebDriver.java:368)
	at io.appium.java_client.DefaultGenericMobileDriver.findElement(DefaultGenericMobileDriver.java:62)
	at io.appium.java_client.AppiumDriver.findElement(AppiumDriver.java:1)
	at io.appium.java_client.android.AndroidDriver.findElement(AndroidDriver.java:1)
	at org.openqa.selenium.remote.RemoteWebDriver.findElementByXPath(RemoteWebDriver.java:473)
	at io.appium.java_client.DefaultGenericMobileDriver.findElementByXPath(DefaultGenericMobileDriver.java:140)
	at io.appium.java_client.AppiumDriver.findElementByXPath(AppiumDriver.java:1)
	at io.appium.java_client.android.AndroidDriver.findElementByXPath(AndroidDriver.java:1)
	at org.openqa.selenium.By$ByXPath.findElement(By.java:361)
	at org.openqa.selenium.remote.RemoteWebDriver.findElement(RemoteWebDriver.java:360)
	at io.appium.java_client.DefaultGenericMobileDriver.findElement(DefaultGenericMobileDriver.java:58)
	at io.appium.java_client.AppiumDriver.findElement(AppiumDriver.java:1)
	at io.appium.java_client.android.AndroidDriver.findElement(AndroidDriver.java:1)
	at com.sml.classes.SettingsPage.clickFeedBack(SettingsPage.java:140)
	at com.sml.testcases.VerifySendFeedBackScenarios.verifyFeedBackLaunch(VerifySendFeedBackScenarios.java:14)
	at sun.reflect.NativeMethodAccessorImpl.invoke0(Native Method)
	at sun.reflect.NativeMethodAccessorImpl.invoke(NativeMethodAccessorImpl.java:62)
	at sun.reflect.DelegatingMethodAccessorImpl.invoke(DelegatingMethodAccessorImpl.java:43)
	at java.lang.reflect.Method.invoke(Method.java:498)
	at org.testng.internal.MethodInvocationHelper.invokeMethod(MethodInvocationHelper.java:100)
	at org.testng.internal.Invoker.invokeMethod(Invoker.java:646)
	at org.testng.internal.Invoker.invokeTestMethod(Invoker.java:811)
	at org.testng.internal.Invoker.invokeTestMethods(Invoker.java:1129)
	at org.testng.internal.TestMethodWorker.invokeTestMethods(TestMethodWorker.java:129)
	at org.testng.internal.TestMethodWorker.run(TestMethodWorker.java:112)
	at org.testng.TestRunner.privateRun(TestRunner.java:746)
	at org.testng.TestRunner.run(TestRunner.java:600)
	at org.testng.SuiteRunner.runTest(SuiteRunner.java:366)
	at org.testng.SuiteRunner.runSequentially(SuiteRunner.java:361)
	at org.testng.SuiteRunner.privateRun(SuiteRunner.java:319)
	at org.testng.SuiteRunner.run(SuiteRunner.java:268)
	at org.testng.SuiteRunnerWorker.runSuite(SuiteRunnerWorker.java:52)
	at org.testng.SuiteRunnerWorker.run(SuiteRunnerWorker.java:86)
	at org.testng.TestNG.runSuitesSequentially(TestNG.java:1264)
	at org.testng.TestNG.runSuitesLocally(TestNG.java:1189)
	at org.testng.TestNG.runSuites(TestNG.java:1104)
	at org.testng.TestNG.run(TestNG.java:1076)
	at org.testng.remote.AbstractRemoteTestNG.run(AbstractRemoteTestNG.java:126)
	at org.testng.remote.RemoteTestNG.initAndRun(RemoteTestNG.java:152)
	at org.testng.remote.RemoteTestNG.main(RemoteTestNG.java:57)
</pre></div></td>
<td>30</td>
<td>com.sml.testcases.VerifySendFeedBackScenarios@52f759d7</td></tr>
<tr>
<td title='com.sml.testcases.VerifySendFeedBackScenarios.verifySendFeedBack()'><b>verifySendFeedBack</b><br>Test class: com.sml.testcases.VerifySendFeedBackScenarios</td>
<td><div><pre>org.openqa.selenium.NoSuchElementException: An element could not be located on the page using the given search parameters. (WARNING: The server did not provide any stacktrace information)
Command duration or timeout: 30.36 seconds
For documentation on this error, please visit: http://seleniumhq.org/exceptions/no_such_element.html
Build info: version: &apos;unknown&apos;, revision: &apos;1969d75&apos;, time: &apos;2016-10-18 09:43:45 -0700&apos;
System info: host: &apos;apples-MacBook-Air-3.local&apos;, ip: &apos;192.168.2.99&apos;, os.name: &apos;Mac OS X&apos;, os.arch: &apos;x86_64&apos;, os.version: &apos;10.11.6&apos;, java.version: &apos;1.8.0_91&apos;
Driver info: io.appium.java_client.android.AndroidDriver
Capabilities [{app=/Users/builduser/Documents/workspace/SMLAndroid/Files/app-release.apk, appPackage=com.medpresso.android.ui, networkConnectionEnabled=true, noReset=true, warnings={}, databaseEnabled=false, deviceName=ZY2232T4PJ, version=5.1.1, platform=LINUX, deviceUDID=ZY2232T4PJ, appActivity=com.medpresso.android.ui.HomeActivity, desired={app=/Users/builduser/Documents/workspace/SMLAndroid/Files/app-release.apk, appPackage=com.medpresso.android.ui, appActivity=com.medpresso.android.ui.HomeActivity, noReset=true, platformVersion=5.1, automationName=Appium, browserName=Android, udid=ZY2232T4PJ, platformName=Android, deviceName=Moto G (4), version=5.1.1}, platformVersion=5.1.1, webStorageEnabled=false, locationContextEnabled=false, automationName=Appium, takesScreenshot=true, browserName=Android, javascriptEnabled=true, udid=ZY2232T4PJ, platformName=Android}]
Session ID: 87d59a3b-aa34-47fb-b4ba-a6ca4361ad07
*** Element info: {Using=xpath, value=//android.view.View[@index = 0]/android.widget.EditText[@index = 0]}
	at org.openqa.selenium.remote.ErrorHandler.createThrowable(ErrorHandler.java:216)
	at org.openqa.selenium.remote.ErrorHandler.throwIfResponseFailed(ErrorHandler.java:168)
	at org.openqa.selenium.remote.RemoteWebDriver.execute(RemoteWebDriver.java:635)
	at io.appium.java_client.DefaultGenericMobileDriver.execute(DefaultGenericMobileDriver.java:42)
	at io.appium.java_client.AppiumDriver.execute(AppiumDriver.java:1)
	at io.appium.java_client.android.AndroidDriver.execute(AndroidDriver.java:1)
	at org.openqa.selenium.remote.RemoteWebDriver.findElement(RemoteWebDriver.java:368)
	at io.appium.java_client.DefaultGenericMobileDriver.findElement(DefaultGenericMobileDriver.java:62)
	at io.appium.java_client.AppiumDriver.findElement(AppiumDriver.java:1)
	at io.appium.java_client.android.AndroidDriver.findElement(AndroidDriver.java:1)
	at org.openqa.selenium.remote.RemoteWebDriver.findElementByXPath(RemoteWebDriver.java:473)
	at io.appium.java_client.DefaultGenericMobileDriver.findElementByXPath(DefaultGenericMobileDriver.java:140)
	at io.appium.java_client.AppiumDriver.findElementByXPath(AppiumDriver.java:1)
	at io.appium.java_client.android.AndroidDriver.findElementByXPath(AndroidDriver.java:1)
	at org.openqa.selenium.By$ByXPath.findElement(By.java:361)
	at org.openqa.selenium.remote.RemoteWebDriver.findElement(RemoteWebDriver.java:360)
	at io.appium.java_client.DefaultGenericMobileDriver.findElement(DefaultGenericMobileDriver.java:58)
	at io.appium.java_client.AppiumDriver.findElement(AppiumDriver.java:1)
	at io.appium.java_client.android.AndroidDriver.findElement(AndroidDriver.java:1)
	at com.sml.classes.SettingsPage.enterFeedBackText(SettingsPage.java:153)
	at com.sml.testcases.VerifySendFeedBackScenarios.verifySendFeedBack(VerifySendFeedBackScenarios.java:23)
... Removed 29 stack frames</pre></div><a href='#' onClick='toggleBox("stack-trace159475521", this, "Click to show all stack frames", "Click to hide stack frames")'>Click to show all stack frames</a>
<div class='stack-trace' id='stack-trace159475521'><pre>org.openqa.selenium.NoSuchElementException: An element could not be located on the page using the given search parameters. (WARNING: The server did not provide any stacktrace information)
Command duration or timeout: 30.36 seconds
For documentation on this error, please visit: http://seleniumhq.org/exceptions/no_such_element.html
Build info: version: &apos;unknown&apos;, revision: &apos;1969d75&apos;, time: &apos;2016-10-18 09:43:45 -0700&apos;
System info: host: &apos;apples-MacBook-Air-3.local&apos;, ip: &apos;192.168.2.99&apos;, os.name: &apos;Mac OS X&apos;, os.arch: &apos;x86_64&apos;, os.version: &apos;10.11.6&apos;, java.version: &apos;1.8.0_91&apos;
Driver info: io.appium.java_client.android.AndroidDriver
Capabilities [{app=/Users/builduser/Documents/workspace/SMLAndroid/Files/app-release.apk, appPackage=com.medpresso.android.ui, networkConnectionEnabled=true, noReset=true, warnings={}, databaseEnabled=false, deviceName=ZY2232T4PJ, version=5.1.1, platform=LINUX, deviceUDID=ZY2232T4PJ, appActivity=com.medpresso.android.ui.HomeActivity, desired={app=/Users/builduser/Documents/workspace/SMLAndroid/Files/app-release.apk, appPackage=com.medpresso.android.ui, appActivity=com.medpresso.android.ui.HomeActivity, noReset=true, platformVersion=5.1, automationName=Appium, browserName=Android, udid=ZY2232T4PJ, platformName=Android, deviceName=Moto G (4), version=5.1.1}, platformVersion=5.1.1, webStorageEnabled=false, locationContextEnabled=false, automationName=Appium, takesScreenshot=true, browserName=Android, javascriptEnabled=true, udid=ZY2232T4PJ, platformName=Android}]
Session ID: 87d59a3b-aa34-47fb-b4ba-a6ca4361ad07
*** Element info: {Using=xpath, value=//android.view.View[@index = 0]/android.widget.EditText[@index = 0]}
	at sun.reflect.NativeConstructorAccessorImpl.newInstance0(Native Method)
	at sun.reflect.NativeConstructorAccessorImpl.newInstance(NativeConstructorAccessorImpl.java:62)
	at sun.reflect.DelegatingConstructorAccessorImpl.newInstance(DelegatingConstructorAccessorImpl.java:45)
	at java.lang.reflect.Constructor.newInstance(Constructor.java:423)
	at org.openqa.selenium.remote.ErrorHandler.createThrowable(ErrorHandler.java:216)
	at org.openqa.selenium.remote.ErrorHandler.throwIfResponseFailed(ErrorHandler.java:168)
	at org.openqa.selenium.remote.RemoteWebDriver.execute(RemoteWebDriver.java:635)
	at io.appium.java_client.DefaultGenericMobileDriver.execute(DefaultGenericMobileDriver.java:42)
	at io.appium.java_client.AppiumDriver.execute(AppiumDriver.java:1)
	at io.appium.java_client.android.AndroidDriver.execute(AndroidDriver.java:1)
	at org.openqa.selenium.remote.RemoteWebDriver.findElement(RemoteWebDriver.java:368)
	at io.appium.java_client.DefaultGenericMobileDriver.findElement(DefaultGenericMobileDriver.java:62)
	at io.appium.java_client.AppiumDriver.findElement(AppiumDriver.java:1)
	at io.appium.java_client.android.AndroidDriver.findElement(AndroidDriver.java:1)
	at org.openqa.selenium.remote.RemoteWebDriver.findElementByXPath(RemoteWebDriver.java:473)
	at io.appium.java_client.DefaultGenericMobileDriver.findElementByXPath(DefaultGenericMobileDriver.java:140)
	at io.appium.java_client.AppiumDriver.findElementByXPath(AppiumDriver.java:1)
	at io.appium.java_client.android.AndroidDriver.findElementByXPath(AndroidDriver.java:1)
	at org.openqa.selenium.By$ByXPath.findElement(By.java:361)
	at org.openqa.selenium.remote.RemoteWebDriver.findElement(RemoteWebDriver.java:360)
	at io.appium.java_client.DefaultGenericMobileDriver.findElement(DefaultGenericMobileDriver.java:58)
	at io.appium.java_client.AppiumDriver.findElement(AppiumDriver.java:1)
	at io.appium.java_client.android.AndroidDriver.findElement(AndroidDriver.java:1)
	at com.sml.classes.SettingsPage.enterFeedBackText(SettingsPage.java:153)
	at com.sml.testcases.VerifySendFeedBackScenarios.verifySendFeedBack(VerifySendFeedBackScenarios.java:23)
	at sun.reflect.NativeMethodAccessorImpl.invoke0(Native Method)
	at sun.reflect.NativeMethodAccessorImpl.invoke(NativeMethodAccessorImpl.java:62)
	at sun.reflect.DelegatingMethodAccessorImpl.invoke(DelegatingMethodAccessorImpl.java:43)
	at java.lang.reflect.Method.invoke(Method.java:498)
	at org.testng.internal.MethodInvocationHelper.invokeMethod(MethodInvocationHelper.java:100)
	at org.testng.internal.Invoker.invokeMethod(Invoker.java:646)
	at org.testng.internal.Invoker.invokeTestMethod(Invoker.java:811)
	at org.testng.internal.Invoker.invokeTestMethods(Invoker.java:1129)
	at org.testng.internal.TestMethodWorker.invokeTestMethods(TestMethodWorker.java:129)
	at org.testng.internal.TestMethodWorker.run(TestMethodWorker.java:112)
	at org.testng.TestRunner.privateRun(TestRunner.java:746)
	at org.testng.TestRunner.run(TestRunner.java:600)
	at org.testng.SuiteRunner.runTest(SuiteRunner.java:366)
	at org.testng.SuiteRunner.runSequentially(SuiteRunner.java:361)
	at org.testng.SuiteRunner.privateRun(SuiteRunner.java:319)
	at org.testng.SuiteRunner.run(SuiteRunner.java:268)
	at org.testng.SuiteRunnerWorker.runSuite(SuiteRunnerWorker.java:52)
	at org.testng.SuiteRunnerWorker.run(SuiteRunnerWorker.java:86)
	at org.testng.TestNG.runSuitesSequentially(TestNG.java:1264)
	at org.testng.TestNG.runSuitesLocally(TestNG.java:1189)
	at org.testng.TestNG.runSuites(TestNG.java:1104)
	at org.testng.TestNG.run(TestNG.java:1076)
	at org.testng.remote.AbstractRemoteTestNG.run(AbstractRemoteTestNG.java:126)
	at org.testng.remote.RemoteTestNG.initAndRun(RemoteTestNG.java:152)
	at org.testng.remote.RemoteTestNG.main(RemoteTestNG.java:57)
</pre></div></td>
<td>30</td>
<td>com.sml.testcases.VerifySendFeedBackScenarios@52f759d7</td></tr>
</table><p>
<table width='100%' border='1' class='invocation-passed'>
<tr><td colspan='4' align='center'><b>PASSED TESTS</b></td></tr>
<tr><td><b>Test method</b></td>
<td width="30%"><b>Exception</b></td>
<td width="10%"><b>Time (seconds)</b></td>
<td><b>Instance</b></td>
</tr>
<tr>
<td title='com.sml.testcases.VerifySendFeedBackScenarios.verifySendInvalidFeedback()'><b>verifySendInvalidFeedback</b><br>Test class: com.sml.testcases.VerifySendFeedBackScenarios</td>
<td></td>
<td>33</td>
<td>com.sml.testcases.VerifySendFeedBackScenarios@52f759d7</td></tr>
</table><p>
</body>
</html>