<?xml version="1.0" encoding="UTF-8"?>
<!-- Generated by org.testng.reporters.JUnitReportReporter -->
<testsuite hostname="apples-MacBook-Air-3.local" name="com.sml.testcases.VerifySendFeedBackScenarios" tests="3" failures="0" timestamp="16 Mar 2017 14:32:16 GMT" time="94.105" errors="2">
  <testcase name="verifySendFeedBack" time="30.360" classname="com.sml.testcases.VerifySendFeedBackScenarios">
    <error type="org.openqa.selenium.NoSuchElementException" message="An element could not be located on the page using the given search parameters. (WARNING: The server did not provide any stacktrace information)
Command duration or timeout: 30.36 seconds
For documentation on this error, please visit: http://seleniumhq.org/exceptions/no_such_element.html
Build info: version: &#039;unknown&#039;, revision: &#039;1969d75&#039;, time: &#039;2016-10-18 09:43:45 -0700&#039;
System info: host: &#039;apples-MacBook-Air-3.local&#039;, ip: &#039;192.168.2.99&#039;, os.name: &#039;Mac OS X&#039;, os.arch: &#039;x86_64&#039;, os.version: &#039;10.11.6&#039;, java.version: &#039;1.8.0_91&#039;
Driver info: io.appium.java_client.android.AndroidDriver
Capabilities [{app=/Users/builduser/Documents/workspace/SMLAndroid/Files/app-release.apk, appPackage=com.medpresso.android.ui, networkConnectionEnabled=true, noReset=true, warnings={}, databaseEnabled=false, deviceName=ZY2232T4PJ, version=5.1.1, platform=LINUX, deviceUDID=ZY2232T4PJ, appActivity=com.medpresso.android.ui.HomeActivity, desired={app=/Users/builduser/Documents/workspace/SMLAndroid/Files/app-release.apk, appPackage=com.medpresso.android.ui, appActivity=com.medpresso.android.ui.HomeActivity, noReset=true, platformVersion=5.1, automationName=Appium, browserName=Android, udid=ZY2232T4PJ, platformName=Android, deviceName=Moto G (4), version=5.1.1}, platformVersion=5.1.1, webStorageEnabled=false, locationContextEnabled=false, automationName=Appium, takesScreenshot=true, browserName=Android, javascriptEnabled=true, udid=ZY2232T4PJ, platformName=Android}]
Session ID: 87d59a3b-aa34-47fb-b4ba-a6ca4361ad07
*** Element info: {Using=xpath, value=//android.view.View[@index = 0]/android.widget.EditText[@index = 0]}">
      <![CDATA[org.openqa.selenium.NoSuchElementException: An element could not be located on the page using the given search parameters. (WARNING: The server did not provide any stacktrace information)
Command duration or timeout: 30.36 seconds
For documentation on this error, please visit: http://seleniumhq.org/exceptions/no_such_element.html
Build info: version: 'unknown', revision: '1969d75', time: '2016-10-18 09:43:45 -0700'
System info: host: 'apples-MacBook-Air-3.local', ip: '192.168.2.99', os.name: 'Mac OS X', os.arch: 'x86_64', os.version: '10.11.6', java.version: '1.8.0_91'
Driver info: io.appium.java_client.android.AndroidDriver
Capabilities [{app=/Users/builduser/Documents/workspace/SMLAndroid/Files/app-release.apk, appPackage=com.medpresso.android.ui, networkConnectionEnabled=true, noReset=true, warnings={}, databaseEnabled=false, deviceName=ZY2232T4PJ, version=5.1.1, platform=LINUX, deviceUDID=ZY2232T4PJ, appActivity=com.medpresso.android.ui.HomeActivity, desired={app=/Users/builduser/Documents/workspace/SMLAndroid/Files/app-release.apk, appPackage=com.medpresso.android.ui, appActivity=com.medpresso.android.ui.HomeActivity, noReset=true, platformVersion=5.1, automationName=Appium, browserName=Android, udid=ZY2232T4PJ, platformName=Android, deviceName=Moto G (4), version=5.1.1}, platformVersion=5.1.1, webStorageEnabled=false, locationContextEnabled=false, automationName=Appium, takesScreenshot=true, browserName=Android, javascriptEnabled=true, udid=ZY2232T4PJ, platformName=Android}]
Session ID: 87d59a3b-aa34-47fb-b4ba-a6ca4361ad07
*** Element info: {Using=xpath, value=//android.view.View[@index = 0]/android.widget.EditText[@index = 0]}
	at sun.reflect.NativeConstructorAccessorImpl.newInstance0(Native Method)
	at sun.reflect.NativeConstructorAccessorImpl.newInstance(NativeConstructorAccessorImpl.java:62)
	at sun.reflect.DelegatingConstructorAccessorImpl.newInstance(DelegatingConstructorAccessorImpl.java:45)
	at java.lang.reflect.Constructor.newInstance(Constructor.java:423)
	at org.openqa.selenium.remote.ErrorHandler.createThrowable(ErrorHandler.java:216)
	at org.openqa.selenium.remote.ErrorHandler.throwIfResponseFailed(ErrorHandler.java:168)
	at org.openqa.selenium.remote.RemoteWebDriver.execute(RemoteWebDriver.java:635)
	at io.appium.java_client.DefaultGenericMobileDriver.execute(DefaultGenericMobileDriver.java:42)
	at io.appium.java_client.AppiumDriver.execute(AppiumDriver.java:1)
	at io.appium.java_client.android.AndroidDriver.execute(AndroidDriver.java:1)
	at org.openqa.selenium.remote.RemoteWebDriver.findElement(RemoteWebDriver.java:368)
	at io.appium.java_client.DefaultGenericMobileDriver.findElement(DefaultGenericMobileDriver.java:62)
	at io.appium.java_client.AppiumDriver.findElement(AppiumDriver.java:1)
	at io.appium.java_client.android.AndroidDriver.findElement(AndroidDriver.java:1)
	at org.openqa.selenium.remote.RemoteWebDriver.findElementByXPath(RemoteWebDriver.java:473)
	at io.appium.java_client.DefaultGenericMobileDriver.findElementByXPath(DefaultGenericMobileDriver.java:140)
	at io.appium.java_client.AppiumDriver.findElementByXPath(AppiumDriver.java:1)
	at io.appium.java_client.android.AndroidDriver.findElementByXPath(AndroidDriver.java:1)
	at org.openqa.selenium.By$ByXPath.findElement(By.java:361)
	at org.openqa.selenium.remote.RemoteWebDriver.findElement(RemoteWebDriver.java:360)
	at io.appium.java_client.DefaultGenericMobileDriver.findElement(DefaultGenericMobileDriver.java:58)
	at io.appium.java_client.AppiumDriver.findElement(AppiumDriver.java:1)
	at io.appium.java_client.android.AndroidDriver.findElement(AndroidDriver.java:1)
	at com.sml.classes.SettingsPage.enterFeedBackText(SettingsPage.java:153)
	at com.sml.testcases.VerifySendFeedBackScenarios.verifySendFeedBack(VerifySendFeedBackScenarios.java:23)
	at sun.reflect.NativeMethodAccessorImpl.invoke0(Native Method)
	at sun.reflect.NativeMethodAccessorImpl.invoke(NativeMethodAccessorImpl.java:62)
	at sun.reflect.DelegatingMethodAccessorImpl.invoke(DelegatingMethodAccessorImpl.java:43)
	at java.lang.reflect.Method.invoke(Method.java:498)
	at org.testng.internal.MethodInvocationHelper.invokeMethod(MethodInvocationHelper.java:100)
	at org.testng.internal.Invoker.invokeMethod(Invoker.java:646)
	at org.testng.internal.Invoker.invokeTestMethod(Invoker.java:811)
	at org.testng.internal.Invoker.invokeTestMethods(Invoker.java:1129)
	at org.testng.internal.TestMethodWorker.invokeTestMethods(TestMethodWorker.java:129)
	at org.testng.internal.TestMethodWorker.run(TestMethodWorker.java:112)
	at org.testng.TestRunner.privateRun(TestRunner.java:746)
	at org.testng.TestRunner.run(TestRunner.java:600)
	at org.testng.SuiteRunner.runTest(SuiteRunner.java:366)
	at org.testng.SuiteRunner.runSequentially(SuiteRunner.java:361)
	at org.testng.SuiteRunner.privateRun(SuiteRunner.java:319)
	at org.testng.SuiteRunner.run(SuiteRunner.java:268)
	at org.testng.SuiteRunnerWorker.runSuite(SuiteRunnerWorker.java:52)
	at org.testng.SuiteRunnerWorker.run(SuiteRunnerWorker.java:86)
	at org.testng.TestNG.runSuitesSequentially(TestNG.java:1264)
	at org.testng.TestNG.runSuitesLocally(TestNG.java:1189)
	at org.testng.TestNG.runSuites(TestNG.java:1104)
	at org.testng.TestNG.run(TestNG.java:1076)
	at org.testng.remote.AbstractRemoteTestNG.run(AbstractRemoteTestNG.java:126)
	at org.testng.remote.RemoteTestNG.initAndRun(RemoteTestNG.java:152)
	at org.testng.remote.RemoteTestNG.main(RemoteTestNG.java:57)
]]>
    </error>
  </testcase> <!-- verifySendFeedBack -->
  <testcase name="verifyFeedBackLaunch" time="30.083" classname="com.sml.testcases.VerifySendFeedBackScenarios">
    <error type="org.openqa.selenium.NoSuchElementException" message="An element could not be located on the page using the given search parameters. (WARNING: The server did not provide any stacktrace information)
Command duration or timeout: 30.08 seconds
For documentation on this error, please visit: http://seleniumhq.org/exceptions/no_such_element.html
Build info: version: &#039;unknown&#039;, revision: &#039;1969d75&#039;, time: &#039;2016-10-18 09:43:45 -0700&#039;
System info: host: &#039;apples-MacBook-Air-3.local&#039;, ip: &#039;192.168.2.99&#039;, os.name: &#039;Mac OS X&#039;, os.arch: &#039;x86_64&#039;, os.version: &#039;10.11.6&#039;, java.version: &#039;1.8.0_91&#039;
Driver info: io.appium.java_client.android.AndroidDriver
Capabilities [{app=/Users/builduser/Documents/workspace/SMLAndroid/Files/app-release.apk, appPackage=com.medpresso.android.ui, networkConnectionEnabled=true, noReset=true, warnings={}, databaseEnabled=false, deviceName=ZY2232T4PJ, version=5.1.1, platform=LINUX, deviceUDID=ZY2232T4PJ, appActivity=com.medpresso.android.ui.HomeActivity, desired={app=/Users/builduser/Documents/workspace/SMLAndroid/Files/app-release.apk, appPackage=com.medpresso.android.ui, appActivity=com.medpresso.android.ui.HomeActivity, noReset=true, platformVersion=5.1, automationName=Appium, browserName=Android, udid=ZY2232T4PJ, platformName=Android, deviceName=Moto G (4), version=5.1.1}, platformVersion=5.1.1, webStorageEnabled=false, locationContextEnabled=false, automationName=Appium, takesScreenshot=true, browserName=Android, javascriptEnabled=true, udid=ZY2232T4PJ, platformName=Android}]
Session ID: 87d59a3b-aa34-47fb-b4ba-a6ca4361ad07
*** Element info: {Using=xpath, value=//android.widget.LinearLayout[@index = 1]/android.widget.LinearLayout[@index = 1]/android.widget.RelativeLayout[@index = 4]/android.widget.TextView[@index = 0]}">
      <![CDATA[org.openqa.selenium.NoSuchElementException: An element could not be located on the page using the given search parameters. (WARNING: The server did not provide any stacktrace information)
Command duration or timeout: 30.08 seconds
For documentation on this error, please visit: http://seleniumhq.org/exceptions/no_such_element.html
Build info: version: 'unknown', revision: '1969d75', time: '2016-10-18 09:43:45 -0700'
System info: host: 'apples-MacBook-Air-3.local', ip: '192.168.2.99', os.name: 'Mac OS X', os.arch: 'x86_64', os.version: '10.11.6', java.version: '1.8.0_91'
Driver info: io.appium.java_client.android.AndroidDriver
Capabilities [{app=/Users/builduser/Documents/workspace/SMLAndroid/Files/app-release.apk, appPackage=com.medpresso.android.ui, networkConnectionEnabled=true, noReset=true, warnings={}, databaseEnabled=false, deviceName=ZY2232T4PJ, version=5.1.1, platform=LINUX, deviceUDID=ZY2232T4PJ, appActivity=com.medpresso.android.ui.HomeActivity, desired={app=/Users/builduser/Documents/workspace/SMLAndroid/Files/app-release.apk, appPackage=com.medpresso.android.ui, appActivity=com.medpresso.android.ui.HomeActivity, noReset=true, platformVersion=5.1, automationName=Appium, browserName=Android, udid=ZY2232T4PJ, platformName=Android, deviceName=Moto G (4), version=5.1.1}, platformVersion=5.1.1, webStorageEnabled=false, locationContextEnabled=false, automationName=Appium, takesScreenshot=true, browserName=Android, javascriptEnabled=true, udid=ZY2232T4PJ, platformName=Android}]
Session ID: 87d59a3b-aa34-47fb-b4ba-a6ca4361ad07
*** Element info: {Using=xpath, value=//android.widget.LinearLayout[@index = 1]/android.widget.LinearLayout[@index = 1]/android.widget.RelativeLayout[@index = 4]/android.widget.TextView[@index = 0]}
	at sun.reflect.NativeConstructorAccessorImpl.newInstance0(Native Method)
	at sun.reflect.NativeConstructorAccessorImpl.newInstance(NativeConstructorAccessorImpl.java:62)
	at sun.reflect.DelegatingConstructorAccessorImpl.newInstance(DelegatingConstructorAccessorImpl.java:45)
	at java.lang.reflect.Constructor.newInstance(Constructor.java:423)
	at org.openqa.selenium.remote.ErrorHandler.createThrowable(ErrorHandler.java:216)
	at org.openqa.selenium.remote.ErrorHandler.throwIfResponseFailed(ErrorHandler.java:168)
	at org.openqa.selenium.remote.RemoteWebDriver.execute(RemoteWebDriver.java:635)
	at io.appium.java_client.DefaultGenericMobileDriver.execute(DefaultGenericMobileDriver.java:42)
	at io.appium.java_client.AppiumDriver.execute(AppiumDriver.java:1)
	at io.appium.java_client.android.AndroidDriver.execute(AndroidDriver.java:1)
	at org.openqa.selenium.remote.RemoteWebDriver.findElement(RemoteWebDriver.java:368)
	at io.appium.java_client.DefaultGenericMobileDriver.findElement(DefaultGenericMobileDriver.java:62)
	at io.appium.java_client.AppiumDriver.findElement(AppiumDriver.java:1)
	at io.appium.java_client.android.AndroidDriver.findElement(AndroidDriver.java:1)
	at org.openqa.selenium.remote.RemoteWebDriver.findElementByXPath(RemoteWebDriver.java:473)
	at io.appium.java_client.DefaultGenericMobileDriver.findElementByXPath(DefaultGenericMobileDriver.java:140)
	at io.appium.java_client.AppiumDriver.findElementByXPath(AppiumDriver.java:1)
	at io.appium.java_client.android.AndroidDriver.findElementByXPath(AndroidDriver.java:1)
	at org.openqa.selenium.By$ByXPath.findElement(By.java:361)
	at org.openqa.selenium.remote.RemoteWebDriver.findElement(RemoteWebDriver.java:360)
	at io.appium.java_client.DefaultGenericMobileDriver.findElement(DefaultGenericMobileDriver.java:58)
	at io.appium.java_client.AppiumDriver.findElement(AppiumDriver.java:1)
	at io.appium.java_client.android.AndroidDriver.findElement(AndroidDriver.java:1)
	at com.sml.classes.SettingsPage.clickFeedBack(SettingsPage.java:140)
	at com.sml.testcases.VerifySendFeedBackScenarios.verifyFeedBackLaunch(VerifySendFeedBackScenarios.java:14)
	at sun.reflect.NativeMethodAccessorImpl.invoke0(Native Method)
	at sun.reflect.NativeMethodAccessorImpl.invoke(NativeMethodAccessorImpl.java:62)
	at sun.reflect.DelegatingMethodAccessorImpl.invoke(DelegatingMethodAccessorImpl.java:43)
	at java.lang.reflect.Method.invoke(Method.java:498)
	at org.testng.internal.MethodInvocationHelper.invokeMethod(MethodInvocationHelper.java:100)
	at org.testng.internal.Invoker.invokeMethod(Invoker.java:646)
	at org.testng.internal.Invoker.invokeTestMethod(Invoker.java:811)
	at org.testng.internal.Invoker.invokeTestMethods(Invoker.java:1129)
	at org.testng.internal.TestMethodWorker.invokeTestMethods(TestMethodWorker.java:129)
	at org.testng.internal.TestMethodWorker.run(TestMethodWorker.java:112)
	at org.testng.TestRunner.privateRun(TestRunner.java:746)
	at org.testng.TestRunner.run(TestRunner.java:600)
	at org.testng.SuiteRunner.runTest(SuiteRunner.java:366)
	at org.testng.SuiteRunner.runSequentially(SuiteRunner.java:361)
	at org.testng.SuiteRunner.privateRun(SuiteRunner.java:319)
	at org.testng.SuiteRunner.run(SuiteRunner.java:268)
	at org.testng.SuiteRunnerWorker.runSuite(SuiteRunnerWorker.java:52)
	at org.testng.SuiteRunnerWorker.run(SuiteRunnerWorker.java:86)
	at org.testng.TestNG.runSuitesSequentially(TestNG.java:1264)
	at org.testng.TestNG.runSuitesLocally(TestNG.java:1189)
	at org.testng.TestNG.runSuites(TestNG.java:1104)
	at org.testng.TestNG.run(TestNG.java:1076)
	at org.testng.remote.AbstractRemoteTestNG.run(AbstractRemoteTestNG.java:126)
	at org.testng.remote.RemoteTestNG.initAndRun(RemoteTestNG.java:152)
	at org.testng.remote.RemoteTestNG.main(RemoteTestNG.java:57)
]]>
    </error>
  </testcase> <!-- verifyFeedBackLaunch -->
  <testcase name="verifySendInvalidFeedback" time="33.662" classname="com.sml.testcases.VerifySendFeedBackScenarios"/>
</testsuite> <!-- com.sml.testcases.VerifySendFeedBackScenarios -->
